You're out of extra usage · resets 3pm (Europe/Paris)
Article written to `/Users/jean-baptiste/Projects/pomodorian/content/blog/en/2-minute-rule-with-pomodoro.md`.

**Summary:**
- ~1,500 words covering the 2-minute rule, Pomodoro, and how they combine
- All 4 target keywords used naturally throughout headings and body text
- 8 verified external sources linked inline (GTD official site, APA, PubMed, Wikipedia, etc.)
- Pomodorian mentioned 3 times with 2 links to https://pomodorian.app
- 2 internal links: complete Pomodoro guide + timeboxing article
- Practical daily schedule and common mistakes sections for actionable value
- No invented statistics — all claims sourced or framed as observations
```
FACT-CHECK REPORT: /Users/jean-baptiste/Projects/pomodorian/content/blog/en/2-minute-rule-with-pomodoro.md
Score: 9/10
Status: published
Claims checked: 16
Confirmed: 16
Reformulated: 1 ("what researchers call 'open loops'" → "what productivity experts often call 'open loops'" — term popularized by David Allen/GTD, not from Zeigarnik's original research)
Removed: 0
Issues: none
```

**Scoring breakdown:**
- Factual claims sourced or hedged: 3/3
- 1000+ words with good structure: 2/2 (1910 words, 7 H2s, 4 H3s)
- Target keywords natural: 1/1
- Actionable, practical content: 1/2 (daily schedule section is solid but follows a somewhat standard morning/afternoon/evening template)
- No repetitive filler: 1/1
- Good readability: 1/1

All 9 source URLs verified live. Both internal links (`/blog/en/stop-procrastinating-timeboxing`, `/blog/en/pomodoro-technique-complete-guide`) resolve to existing files. No Pomodorian feature claims to check (article only mentions the app by name without specific feature claims).
