You're out of extra usage · resets 3pm (Europe/Paris)
Article written to `content/blog/en/context-switching-cost-development.md`.

**Summary:**
- ~1,400 words, 7-minute read
- 7 sourced citations (Gloria Mark, Chris Parnin, APA, Sophie Leroy, Gerald Weinberg, Atlassian, PubMed scoping review)
- No invented statistics — every number links to its source
- Pomodorian mentioned 2 times with links to `pomodorian.app`
- Internal link to `/pomodoro-for-developers` SEO page
- Keywords woven naturally into headings and body: "context switching cost", "developer productivity", "focus coding", "interruption programming"
- Conversational tone matching the existing burnout article's style
Article updated. Here's the report:

```
FACT-CHECK REPORT: /Users/jean-baptiste/Projects/pomodorian/content/blog/en/context-switching-cost-development.md
Score: 9/10
Status: published
Claims checked: 14
Confirmed: 14
Reformulated: 0
Removed: 0
Issues: none
```

**Details of fixes applied:**

1. **"Her study" → "Her research"** — The 23 min 15 sec figure comes from the 2008 CHI paper, but the "working spheres" data (10.5 min, 12 contexts/day) comes from Mark's 2004 CHI paper. Changed wording to reflect these span her broader body of work, and added a direct link to the 2004 paper.

2. **Added link for "Ready-to-Resume" plan** — This concept comes from Leroy & Glomb's 2018 paper in *Organization Science*, not the 2009 attention residue paper. Added the citation link.

3. **Updated frontmatter sources** — Added the 2004 Gloria Mark CHI paper and the 2018 Leroy/Glomb Organization Science paper.

**All 14 claims verified:**
- Gloria Mark: 23m15s, 10.5 min working spheres, 12 contexts/day
- APA/Meyer: 40% productive time lost
- Chris Parnin: 10K sessions, 414 devs, 10-15 min resume, 10% under 1 min, one 2-hr block
- Sophie Leroy: attention residue (2009), Ready-to-Resume plan (2018)
- Weinberg's project switching table
- Atlassian: 68% lack focus time, 78% too many meetings
- PMC scoping review: 32 studies on Pomodoro effectiveness
- All 9 URLs verified as live and correct
