```
FACT-CHECK REPORT: /Users/jean-baptiste/Projects/pomodorian/content/blog/es/mejores-sonidos-ambientales-concentrarse.md
Score: 9/10
Status: published
Claims checked: 8
Confirmed: 8
Reformulated: 4
Removed: 0
Issues: none
```

**Reformulations made:**
1. **Mehta et al.**: "silencio total" → "entorno silencioso (50 dB)" — the study's baseline was 50 dB, not true silence
2. **Buxton et al.**: "una de las revisiones más completas" → "una amplia revisión que abarca 36 estudios" — the editorial superlative wasn't from the paper
3. **Perham & Vizard**: Removed "(lluvia, murmullo de café, beats de lofi)" examples from the steady-state finding — those specific sounds weren't tested in the study
4. **Lesiuk**: Removed "instrumental" (study used self-selected music of all genres) and "de la Universidad de Miami" (study was from University of Windsor; she moved to Miami later)

**Score breakdown (9/10):**
- Factual claims sourced/hedged: 3/3
- 1000+ words, good H2/H3 structure: 2/2
- Target keywords natural: 1/1
- Actionable, practical content: 2/2
- No repetitive filler: 1/1 (minor: two Pomodorian CTAs in final sections)
- Readability: 1/1 → deducted 1 point for double product placement density
