Article looks good. Here's the report:

```
FACT-CHECK REPORT: /Users/jean-baptiste/Projects/pomodorian/content/blog/en/note-taking-methods-retention.md
Score: 9/10
Status: published
Claims checked: 12
Confirmed: 10
Reformulated: 2
Removed: 0
Issues: none
```

**Details on the 2 reformulated claims:**

1. **Roediger & Karpicke (2006) retention percentages** (line 86): Original claimed "80% vs 34%" — no source supports these figures. Actual Experiment 2 data shows ~61% (retrieval practice) vs ~40% (re-reading) at one week. Corrected to match the published data.

2. **University of Arizona quote** (line 130): Original claimed they describe spaced repetition as "one of the most evidence-backed techniques available to students — and one of the most underused." The actual page calls it "a time-tested, scientifically proven method." Corrected to use the real quote.

**Score breakdown:**
- Factual claims sourced or properly hedged: 3/3
- 1000+ words with good H2/H3 structure: 2/2
- Target keywords present naturally: 1/1
- Actionable, practical content: 2/2
- No repetitive filler: 0.5/1 (Pomodorian plugs slightly repetitive)
- Good readability: 0.5/1 (could use one more visual break in the longer sections)
