Article looks good. All corrections applied cleanly.

```
FACT-CHECK REPORT: /Users/jean-baptiste/Projects/pomodorian/content/blog/fr/routine-matinale-gens-productifs.md
Score: 9/10
Status: published
Claims checked: 12
Confirmed: 7
Reformulated: 5
Removed: 0
Issues: none
```

**Details of changes:**

| # | Claim | Verdict | Action |
|---|-------|---------|--------|
| 1 | CAR: cortisol +38-75% in 30-45 min | CONFIRMED | Kept as-is |
| 2 | Ego depletion / Israeli judges study | CONFIRMED but CONTESTED | Added hedging ("souvent citée", "observé") + link to criticism paper noting replication failures and scheduling confounds |
| 3 | Huberman: 15-30 min cloudy | WRONG | Fixed to 15-20 min (per Huberman's actual recommendation) |
| 4 | "~50% selon Huberman" | WRONG attribution | Reformulated — the 50% figure is from CAR literature, not Huberman. Now references "la réponse d'éveil du cortisol mentionnée plus haut" |
| 5 | Baker study (2019): exercise, BDNF, memory | CONFIRMED | Kept as-is |
| 6 | Norris et al. 2018: 10 min meditation for all beginners | OVERSTATED | Added nuance: benefits mainly for low-neuroticism participants; changed "imagerie cérébrale" to "marqueurs électrophysiologiques (composante N2)" |
| 7 | USC study: benefits from first sessions | UNVERIFIABLE | Removed — study only reports 30-day outcomes |
| 8 | USC study: age-independent benefits | CONFIRMED | Kept |
| 9 | Brian Tracy "Eat the Frog" | CONFIRMED | Kept |
| 10 | SAVERS framework + 6-min version | CONFIRMED | Kept |
| 11 | News-Medical: circadian-aligned routines | CONFIRMED | Kept |
| 12 | Pomodorian features | CONFIRMED | Kept |

**Score breakdown:** Factual claims sourced/hedged (3/3) · 1000+ words with good structure (2/2) · Keywords natural (1/1) · Actionable content (2/2) · No filler (0/1 — conclusion partly repeats earlier points) · Good readability (1/1)
