Article written to `content/blog/en/group-pomodoro-team-sessions.md` — **1,657 words**.

Here's a summary of what's in the article:

**Structure:**
- Engaging intro about shared focus time vs. meetings
- **Why Focusing Together Works** — social facilitation (Zajonc), body doubling, and the interruption problem (Gloria Mark)
- **What a Group Pomodoro Session Looks Like** — step-by-step flow
- **How to Set Up Group Pomodoro for Your Team** — volunteers over mandates, time slots, three formats (daily, sprint, async), ground rules, tools
- **Common Pitfalls** — turning into meetings, attendance drops, social anxiety, remote inclusion
- **Collaborative Focus Beyond Your Team** — cross-team, public coworking, study groups
- **Start Small** — actionable closing

**Sources cited (7):**
- Gloria Mark's interruption study (UC Irvine)
- Social facilitation (Simply Psychology)
- Body doubling research (Myndlift)
- Microsoft Work Trend Index
- BMC Medical Education Pomodoro scoping review
- Focusmate (about page + CHADD interview)
- WorkLife body doubling article

**Internal links (2):**
- `/blog/pomodoro-technique-complete-guide`
- `/blog/science-of-flow-state`

**Pomodorian mentions (3):** naturally placed in the tools section and closing, with links to https://pomodorian.app.
You're out of extra usage · resets 3pm (Europe/Paris)
