You're out of extra usage · resets 3pm (Europe/Paris)
Article written to `/Users/jean-baptiste/Projects/pomodorian/content/blog/en/pomodoro-language-learning.md`.

**Summary:**
- ~1,450 words
- 8 cited sources (all from peer-reviewed journals or established platforms — no invented stats)
- 2 natural mentions of Pomodorian with a link to https://pomodorian.app
- 3 internal links: breaks guide, active recall article, customize intervals article
- Keywords woven into headings and body: "pomodoro language learning," "language study timer," "learn language focus," "study schedule languages"
- Includes a practical weekly schedule table, actionable tips, and a long-term planning framework
```
FACT-CHECK REPORT: /Users/jean-baptiste/Projects/pomodorian/content/blog/en/pomodoro-language-learning.md
Score: 9/10
Status: published
Claims checked: 8
Confirmed: 5
Reformulated: 3
Removed: 0
Issues: none
```

**Reformulated claims:**
1. "5 million Duolingo learners" → "millions of Duolingo learning sessions" (study tracked 12M sessions / 5.3M user-word pairs, not 5M individual learners)
2. "people forget the majority of new material within 24 hours" → "retention of new material drops sharply within the first day" (replication found ~32% savings at day 1; original phrasing overstated the finding)
3. "scattered, passive review" → "passive re-studying" (Karpicke & Roediger compared retrieval practice vs. repeated re-studying, not "scattered" review)

**Score breakdown:** All claims now sourced or hedged (3), good structure with H2/H3 (2), keywords natural (1), actionable content with schedule template (2), no filler (1). Docked 1 point: the "Why Most Language Learners Quit" section is competent but leans slightly generic.
